Arguments: 
  C:\Program Files\nodejs\node.exe C:\Users\Tim\AppData\Roaming\npm\node_modules\yarn\bin\yarn.js add @angular/material @angular/cdk @angular/animations

PATH: 
  C:\Program Files (x86)\NVIDIA Corporation\PhysX\Common;C:\Program Files (x86)\Intel\iCLS Client\;C:\Program Files\Intel\iCLS Client\;C:\WINDOWS\system32;C:\WINDOWS;C:\WINDOWS\System32\Wbem;C:\WINDOWS\System32\WindowsPowerShell\v1.0\;C:\Program Files\Intel\Intel(R) Management Engine Components\DAL;C:\Program Files (x86)\Intel\Intel(R) Management Engine Components\DAL;C:\Program Files\Intel\Intel(R) Management Engine Components\IPT;C:\Program Files (x86)\Intel\Intel(R) Management Engine Components\IPT;C:\Program Files\dotnet\;C:\Program Files\Microsoft SQL Server\130\Tools\Binn\;C:\WINDOWS\System32\OpenSSH\;C:\Program Files\Git\cmd;C:\Program Files\nodejs\;C:\Program Files\Microsoft VS Code\bin;C:\Users\Tim\AppData\Local\Microsoft\WindowsApps;C:\Users\Tim\AppData\Roaming\npm

Yarn version: 
  1.9.4

Node version: 
  8.11.3

Platform: 
  win32 x64

Trace: 
  Error: EPERM: operation not permitted, copyfile 'C:\Users\Tim\AppData\Local\Yarn\Cache\v2\npm-rxjs-5.5.12-6fa61b8a77c3d793dbaf270bee2f43f652d741cc\_esm5\operator\repeat.js' -> 'C:\Users\Tim\Documents\Coding\JoppaTest\node_modules\rxjs\_esm5\operator\repeat.js'

npm manifest: 
  {
    "name": "joppa",
    "version": "0.0.0",
    "license": "MIT",
    "scripts": {
      "ng": "ng",
      "devStart": "ng serve -o",
      "start": "node server.js",
      "build": "ng build",
      "test": "ng test",
      "lint": "ng lint",
      "e2e": "ng e2e",
      "prodServe": "ng server --prod --open",
      "postinstall": "ng build --aot -prod"
    },
    "private": true,
    "dependencies": {
      "@angular/cli": "^1.5.0",
      "@angular/common": "^5.0.0",
      "@angular/compiler": "^5.0.0",
      "@angular/compiler-cli": "^5.0.0",
      "@angular/core": "^5.0.0",
      "@angular/forms": "^5.0.0",
      "@angular/http": "^5.0.0",
      "@angular/platform-browser": "^5.0.0",
      "@angular/platform-browser-dynamic": "^5.0.0",
      "@angular/router": "^5.0.0",
      "@ng-bootstrap/ng-bootstrap": "^1.0.0-beta.8",
      "@ngrx/core": "^1.2.0",
      "@ngrx/store": "^4.1.1",
      "@ngrx/store-devtools": "^4.1.1",
      "@types/googlemaps": "^3.30.16",
      "angular-in-memory-web-api": "^0.3.2",
      "bootstrap": "^4.0.0",
      "core-js": "^2.4.1",
      "express": "^4.15.4",
      "font-awesome": "^4.7.0",
      "ng-inline-svg": "^8.0.2",
      "open-iconic": "^1.1.1",
      "rxjs": "^5.5.2",
      "yarn": "^1.9.4",
      "zone.js": "^0.8.4"
    },
    "devDependencies": {
      "@types/jasmine": "2.5.38",
      "@types/node": "~6.0.60",
      "codelyzer": "~2.0.0",
      "jasmine-core": "~2.5.2",
      "jasmine-spec-reporter": "~3.2.0",
      "karma": "~1.4.1",
      "karma-chrome-launcher": "~2.1.1",
      "karma-cli": "~1.0.1",
      "karma-coverage-istanbul-reporter": "^0.2.0",
      "karma-jasmine": "~1.1.0",
      "karma-jasmine-html-reporter": "^0.2.2",
      "protractor": "~5.1.0",
      "ts-node": "~2.0.0",
      "tslint": "~4.5.0",
      "typescript": "~2.4.2"
    }
  }

yarn manifest: 
  No manifest

Lockfile: 
  No lockfile
